<?xml version="1.0" encoding="UTF-8"?>
<testng-results ignored="0" total="1" passed="1" failed="0" skipped="0">
  <reporter-output>
  </reporter-output>
  <suite started-at="2022-07-24T23:02:05 AST" name="Default suite" finished-at="2022-07-24T23:02:23 AST" duration-ms="18210">
    <groups>
    </groups>
    <test started-at="2022-07-24T23:02:05 AST" name="Default test" finished-at="2022-07-24T23:02:23 AST" duration-ms="18210">
      <class name="Ass4XpathLocator.chromeWebDriver">
        <test-method signature="chrom()[pri:0, instance:Ass4XpathLocator.chromeWebDriver@d83da2e]" started-at="2022-07-24T23:02:05 AST" name="chrom" finished-at="2022-07-24T23:02:23 AST" duration-ms="18188" status="PASS">
          <reporter-output>
          </reporter-output>
        </test-method> <!-- chrom -->
      </class> <!-- Ass4XpathLocator.chromeWebDriver -->
    </test> <!-- Default test -->
  </suite> <!-- Default suite -->
</testng-results>
